2021-09-06 06:34:59 -  - exec CUpdateClientPartner::__CollectRequestData
2021-09-06 06:34:59 -  - exec CUpdateClientPartner::GetHTTPPage
2021-09-06 06:34:59 -  - exec CUpdateClientPartner::ParseServerData
2021-09-06 06:34:59 -  - exec CUpdateClientPartner::GetUpdatesList
2021-09-06 06:34:59 -  - exec CUpdateClientPartner::__CollectRequestData
2021-09-06 06:34:59 -  - utf=Y&lang=ru&stable=Y&CANGZIP=Y&SUPD_DBS=MYSQL&XE=N&CLIENT_SITE=localhost&LICENSE_KEY=X&SUPD_STS=1&SUPD_URS=0&SUPD_URSA=1&TYPENC=D&CLIENT_PHPVER=7.3.29&NGINX=Y&dbv=8.0.24&instm=main%2C21.400.100%2CY%3Bb24connector%2C21.0.0%2CN%3Bbitrix.sitecorporate%2C15.5.0%2CN%3Bbitrix.siteinfoportal%2C15.5.0%2CN%3Bbitrix.sitepersonal%2C15.5.0%2CN%3Bbitrixcloud%2C21.0.0%2CN%3Bblog%2C21.200.0%2CN%3Bclouds%2C21.100.0%2CN%3Bfileman%2C21.200.0%2CN%3Bform%2C21.0.0%2CN%3Bforum%2C21.100.0%2CN%3Bhighloadblock%2C21.100.0%2CN%3Biblock%2C21.400.100%2CN%3Blanding%2C21.300.300%2CN%3Bmessageservice%2C21.100.0%2CN%3Bmobileapp%2C21.0.50%2CN%3Bperfmon%2C21.0.0%2CN%3Bphotogallery%2C21.0.0%2CN%3Brest%2C21.200.0%2CN%3Bscale%2C21.0.0%2CN%3Bsearch%2C21.0.100%2CN%3Bsecurity%2C21.0.0%2CN%3Bseo%2C21.300.0%2CN%3Bsocialservices%2C21.100.0%2CN%3Bsubscribe%2C21.0.0%2CN%3Btranslate%2C21.100.0%2CN%3Bui%2C21.300.0%2CN%3Bvote%2C21.0.0%2CN&reqm=bitrix.sitecorporate%2Cbitrix.siteinfoportal%2Cbitrix.sitepersonal&fullmoduleinfo=Y&SUPD_SRS=RU&SUPD_CMP=N
2021-09-06 06:34:59 -  - exec CUpdateClientPartner::GetHTTPPage
2021-09-06 06:35:00 -  - TIME GetUpdatesList(request) 0.309 sec
2021-09-06 06:35:00 -  - exec CUpdateClientPartner::ParseServerData
2021-09-06 06:35:00 -  - exec CUpdateClientPartner::__CollectRequestData
2021-09-06 06:35:00 -  - exec CUpdateClientPartner::GetHTTPPage
2021-09-06 06:35:00 -  - exec CUpdateClientPartner::ParseServerData
2021-09-13 07:51:36 -  - exec CUpdateClientPartner::__CollectRequestData
2021-09-13 07:51:36 -  - exec CUpdateClientPartner::GetHTTPPage
2021-09-13 07:51:37 -  - exec CUpdateClientPartner::ParseServerData
2021-09-13 07:51:37 -  - exec CUpdateClientPartner::GetUpdatesList
2021-09-13 07:51:37 -  - exec CUpdateClientPartner::__CollectRequestData
2021-09-13 07:51:37 -  - utf=Y&lang=ru&stable=Y&CANGZIP=Y&SUPD_DBS=MYSQL&XE=N&CLIENT_SITE=localhost&LICENSE_KEY=X&SUPD_STS=1&SUPD_URS=0&SUPD_URSA=1&TYPENC=D&CLIENT_PHPVER=7.3.29&NGINX=Y&dbv=8.0.24&instm=main%2C21.400.100%2CY%3Bb24connector%2C21.0.0%2CN%3Bbitrix.sitecorporate%2C15.5.0%2CN%3Bbitrix.siteinfoportal%2C15.5.0%2CN%3Bbitrix.sitepersonal%2C15.5.0%2CN%3Bbitrixcloud%2C21.0.0%2CN%3Bblog%2C21.200.0%2CN%3Bclouds%2C21.100.0%2CN%3Bfileman%2C21.200.0%2CN%3Bform%2C21.0.0%2CN%3Bforum%2C21.100.0%2CN%3Bhighloadblock%2C21.100.0%2CN%3Biblock%2C21.400.100%2CN%3Blanding%2C21.300.300%2CN%3Bmessageservice%2C21.100.0%2CN%3Bmobileapp%2C21.0.50%2CN%3Bperfmon%2C21.0.0%2CN%3Bphotogallery%2C21.0.0%2CN%3Brest%2C21.200.0%2CN%3Bscale%2C21.0.0%2CN%3Bsearch%2C21.0.100%2CN%3Bsecurity%2C21.0.0%2CN%3Bseo%2C21.300.0%2CN%3Bsocialservices%2C21.100.0%2CN%3Bsubscribe%2C21.0.0%2CN%3Btranslate%2C21.100.0%2CN%3Bui%2C21.300.0%2CN%3Bvote%2C21.0.0%2CN&reqm=bitrix.sitecorporate%2Cbitrix.siteinfoportal%2Cbitrix.sitepersonal&fullmoduleinfo=Y&SUPD_SRS=RU&SUPD_CMP=N
2021-09-13 07:51:37 -  - exec CUpdateClientPartner::GetHTTPPage
2021-09-13 07:51:37 -  - TIME GetUpdatesList(request) 0.28 sec
2021-09-13 07:51:37 -  - exec CUpdateClientPartner::ParseServerData
2021-09-13 07:51:37 -  - exec CUpdateClientPartner::__CollectRequestData
2021-09-13 07:51:37 -  - exec CUpdateClientPartner::GetHTTPPage
2021-09-13 07:51:38 -  - exec CUpdateClientPartner::ParseServerData
2021-09-17 07:51:56 -  - exec CUpdateClientPartner::__CollectRequestData
2021-09-17 07:51:56 -  - exec CUpdateClientPartner::GetHTTPPage
2021-09-17 07:51:57 -  - exec CUpdateClientPartner::ParseServerData
2021-09-17 07:51:57 -  - exec CUpdateClientPartner::GetUpdatesList
2021-09-17 07:51:57 -  - exec CUpdateClientPartner::__CollectRequestData
2021-09-17 07:51:57 -  - utf=Y&lang=ru&stable=Y&CANGZIP=Y&SUPD_DBS=MYSQL&XE=N&CLIENT_SITE=localhost&LICENSE_KEY=X&SUPD_STS=1&SUPD_URS=0&SUPD_URSA=1&TYPENC=D&CLIENT_PHPVER=7.3.29&NGINX=Y&dbv=8.0.24&instm=main%2C21.400.100%2CY%3Bb24connector%2C21.0.0%2CN%3Bbitrix.sitecorporate%2C15.5.0%2CN%3Bbitrix.siteinfoportal%2C15.5.0%2CN%3Bbitrix.sitepersonal%2C15.5.0%2CN%3Bbitrixcloud%2C21.0.0%2CN%3Bblog%2C21.200.0%2CN%3Bclouds%2C21.100.0%2CN%3Bfileman%2C21.200.0%2CN%3Bform%2C21.0.0%2CN%3Bforum%2C21.100.0%2CN%3Bhighloadblock%2C21.100.0%2CN%3Biblock%2C21.400.100%2CN%3Blanding%2C21.300.300%2CN%3Bmessageservice%2C21.100.0%2CN%3Bmobileapp%2C21.0.50%2CN%3Bperfmon%2C21.0.0%2CN%3Bphotogallery%2C21.0.0%2CN%3Brest%2C21.200.0%2CN%3Bscale%2C21.0.0%2CN%3Bsearch%2C21.0.100%2CN%3Bsecurity%2C21.0.0%2CN%3Bseo%2C21.300.0%2CN%3Bsocialservices%2C21.100.0%2CN%3Bsubscribe%2C21.0.0%2CN%3Btranslate%2C21.100.0%2CN%3Bui%2C21.300.0%2CN%3Bvote%2C21.0.0%2CN&reqm=bitrix.sitecorporate%2Cbitrix.siteinfoportal%2Cbitrix.sitepersonal&fullmoduleinfo=Y&SUPD_SRS=RU&SUPD_CMP=N
2021-09-17 07:51:57 -  - exec CUpdateClientPartner::GetHTTPPage
2021-09-17 07:51:57 -  - TIME GetUpdatesList(request) 0.308 sec
2021-09-17 07:51:57 -  - exec CUpdateClientPartner::ParseServerData
2021-09-17 07:51:57 -  - exec CUpdateClientPartner::__CollectRequestData
2021-09-17 07:51:57 -  - exec CUpdateClientPartner::GetHTTPPage
2021-09-17 07:51:58 -  - exec CUpdateClientPartner::ParseServerData
